<?xml version="1.0" encoding="UTF-8"?>
<coverage generated="1713493242861" clover="3.2.0">
  <project timestamp="1713493242861" name="All files">
    <metrics statements="127" coveredstatements="117" conditionals="14" coveredconditionals="9" methods="31" coveredmethods="30" elements="172" coveredelements="156" complexity="0" loc="127" ncloc="127" packages="6" files="12" classes="12"/>
    <package name="RESTFULL_MAIN">
      <metrics statements="13" coveredstatements="13" conditionals="0" coveredconditionals="0" methods="1" coveredmethods="1"/>
      <file name="index.js" path="C:\Users\user\kelas_work\RESTFULL_MAIN\index.js">
        <metrics statements="13" coveredstatements="13" conditionals="0" coveredconditionals="0" methods="1" coveredmethods="1"/>
        <line num="1" count="1" type="stmt"/>
        <line num="2" count="1" type="stmt"/>
        <line num="3" count="1" type="stmt"/>
        <line num="4" count="1" type="stmt"/>
        <line num="6" count="1" type="stmt"/>
        <line num="7" count="1" type="stmt"/>
        <line num="9" count="1" type="stmt"/>
        <line num="10" count="1" type="stmt"/>
        <line num="11" count="1" type="stmt"/>
        <line num="12" count="1" type="stmt"/>
        <line num="14" count="1" type="stmt"/>
        <line num="15" count="1" type="stmt"/>
        <line num="28" count="1" type="stmt"/>
      </file>
    </package>
    <package name="RESTFULL_MAIN.controllers">
      <metrics statements="28" coveredstatements="27" conditionals="2" coveredconditionals="1" methods="14" coveredmethods="14"/>
      <file name="product.js" path="C:\Users\user\kelas_work\RESTFULL_MAIN\controllers\product.js">
        <metrics statements="14" coveredstatements="14" conditionals="0" coveredconditionals="0" methods="10" coveredmethods="10"/>
        <line num="1" count="2" type="stmt"/>
        <line num="6" count="1" type="stmt"/>
        <line num="7" count="1" type="stmt"/>
        <line num="8" count="1" type="stmt"/>
        <line num="17" count="1" type="stmt"/>
        <line num="23" count="1" type="stmt"/>
        <line num="25" count="1" type="stmt"/>
        <line num="31" count="1" type="stmt"/>
        <line num="33" count="1" type="stmt"/>
        <line num="39" count="1" type="stmt"/>
        <line num="46" count="1" type="stmt"/>
        <line num="52" count="1" type="stmt"/>
        <line num="58" count="1" type="stmt"/>
        <line num="64" count="2" type="stmt"/>
      </file>
      <file name="user.js" path="C:\Users\user\kelas_work\RESTFULL_MAIN\controllers\user.js">
        <metrics statements="14" coveredstatements="13" conditionals="2" coveredconditionals="1" methods="4" coveredmethods="4"/>
        <line num="1" count="2" type="stmt"/>
        <line num="2" count="2" type="stmt"/>
        <line num="4" count="2" type="stmt"/>
        <line num="9" count="3" type="stmt"/>
        <line num="10" count="3" type="stmt"/>
        <line num="15" count="2" type="stmt"/>
        <line num="21" count="3" type="stmt"/>
        <line num="22" count="3" type="stmt"/>
        <line num="28" count="3" type="cond" truecount="1" falsecount="1"/>
        <line num="29" count="2" type="stmt"/>
        <line num="33" count="2" type="stmt"/>
        <line num="34" count="2" type="stmt"/>
        <line num="36" count="0" type="stmt"/>
        <line num="43" count="2" type="stmt"/>
      </file>
    </package>
    <package name="RESTFULL_MAIN.helpers">
      <metrics statements="14" coveredstatements="14" conditionals="0" coveredconditionals="0" methods="4" coveredmethods="4"/>
      <file name="bcrypt.js" path="C:\Users\user\kelas_work\RESTFULL_MAIN\helpers\bcrypt.js">
        <metrics statements="7" coveredstatements="7" conditionals="0" coveredconditionals="0" methods="2" coveredmethods="2"/>
        <line num="1" count="5" type="stmt"/>
        <line num="2" count="5" type="stmt"/>
        <line num="5" count="5" type="stmt"/>
        <line num="6" count="5" type="stmt"/>
        <line num="9" count="5" type="stmt"/>
        <line num="10" count="5" type="stmt"/>
        <line num="13" count="5" type="stmt"/>
      </file>
      <file name="jwt.js" path="C:\Users\user\kelas_work\RESTFULL_MAIN\helpers\jwt.js">
        <metrics statements="7" coveredstatements="7" conditionals="0" coveredconditionals="0" methods="2" coveredmethods="2"/>
        <line num="1" count="4" type="stmt"/>
        <line num="2" count="4" type="stmt"/>
        <line num="4" count="4" type="stmt"/>
        <line num="5" count="4" type="stmt"/>
        <line num="8" count="4" type="stmt"/>
        <line num="9" count="2" type="stmt"/>
        <line num="12" count="4" type="stmt"/>
      </file>
    </package>
    <package name="RESTFULL_MAIN.middlewares">
      <metrics statements="24" coveredstatements="16" conditionals="2" coveredconditionals="1" methods="4" coveredmethods="3"/>
      <file name="authentication.js" path="C:\Users\user\kelas_work\RESTFULL_MAIN\middlewares\authentication.js">
        <metrics statements="9" coveredstatements="3" conditionals="0" coveredconditionals="0" methods="1" coveredmethods="0"/>
        <line num="1" count="2" type="stmt"/>
        <line num="3" count="2" type="stmt"/>
        <line num="4" count="0" type="stmt"/>
        <line num="5" count="0" type="stmt"/>
        <line num="6" count="0" type="stmt"/>
        <line num="7" count="0" type="stmt"/>
        <line num="8" count="0" type="stmt"/>
        <line num="10" count="0" type="stmt"/>
        <line num="14" count="2" type="stmt"/>
      </file>
      <file name="authorization.js" path="C:\Users\user\kelas_work\RESTFULL_MAIN\middlewares\authorization.js">
        <metrics statements="11" coveredstatements="9" conditionals="2" coveredconditionals="1" methods="2" coveredmethods="2"/>
        <line num="1" count="2" type="stmt"/>
        <line num="3" count="2" type="stmt"/>
        <line num="4" count="1" type="stmt"/>
        <line num="5" count="1" type="stmt"/>
        <line num="6" count="1" type="stmt"/>
        <line num="8" count="1" type="stmt"/>
        <line num="10" count="1" type="cond" truecount="1" falsecount="1"/>
        <line num="11" count="0" type="stmt"/>
        <line num="13" count="1" type="stmt"/>
        <line num="17" count="0" type="stmt"/>
        <line num="21" count="2" type="stmt"/>
      </file>
      <file name="errorHandler.js" path="C:\Users\user\kelas_work\RESTFULL_MAIN\middlewares\errorHandler.js">
        <metrics statements="4" coveredstatements="4" conditionals="0" coveredconditionals="0" methods="1" coveredmethods="1"/>
        <line num="1" count="2" type="stmt"/>
        <line num="2" count="1" type="stmt"/>
        <line num="3" count="1" type="stmt"/>
        <line num="6" count="2" type="stmt"/>
      </file>
    </package>
    <package name="RESTFULL_MAIN.models">
      <metrics statements="33" coveredstatements="32" conditionals="10" coveredconditionals="7" methods="8" coveredmethods="8"/>
      <file name="index.js" path="C:\Users\user\kelas_work\RESTFULL_MAIN\models\index.js">
        <metrics statements="21" coveredstatements="20" conditionals="10" coveredconditionals="7" methods="3" coveredmethods="3"/>
        <line num="3" count="4" type="stmt"/>
        <line num="4" count="4" type="stmt"/>
        <line num="5" count="4" type="stmt"/>
        <line num="6" count="4" type="stmt"/>
        <line num="7" count="4" type="stmt"/>
        <line num="8" count="4" type="cond" truecount="1" falsecount="1"/>
        <line num="9" count="4" type="stmt"/>
        <line num="10" count="4" type="stmt"/>
        <line num="13" count="4" type="cond" truecount="1" falsecount="1"/>
        <line num="14" count="0" type="stmt"/>
        <line num="16" count="4" type="stmt"/>
        <line num="19" count="4" type="stmt"/>
        <line num="22" count="12" type="stmt"/>
        <line num="30" count="8" type="stmt"/>
        <line num="31" count="8" type="stmt"/>
        <line num="34" count="4" type="stmt"/>
        <line num="35" count="8" type="cond" truecount="1" falsecount="1"/>
        <line num="36" count="8" type="stmt"/>
        <line num="40" count="4" type="stmt"/>
        <line num="41" count="4" type="stmt"/>
        <line num="43" count="4" type="stmt"/>
      </file>
      <file name="product.js" path="C:\Users\user\kelas_work\RESTFULL_MAIN\models\product.js">
        <metrics statements="5" coveredstatements="5" conditionals="0" coveredconditionals="0" methods="2" coveredmethods="2"/>
        <line num="4" count="4" type="stmt"/>
        <line num="5" count="4" type="stmt"/>
        <line num="14" count="4" type="stmt"/>
        <line num="17" count="4" type="stmt"/>
        <line num="28" count="4" type="stmt"/>
      </file>
      <file name="user.js" path="C:\Users\user\kelas_work\RESTFULL_MAIN\models\user.js">
        <metrics statements="7" coveredstatements="7" conditionals="0" coveredconditionals="0" methods="3" coveredmethods="3"/>
        <line num="4" count="4" type="stmt"/>
        <line num="5" count="4" type="stmt"/>
        <line num="6" count="4" type="stmt"/>
        <line num="15" count="4" type="stmt"/>
        <line num="18" count="4" type="stmt"/>
        <line num="26" count="2" type="stmt"/>
        <line num="30" count="4" type="stmt"/>
      </file>
    </package>
    <package name="RESTFULL_MAIN.routes">
      <metrics statements="15" coveredstatements="15" conditionals="0" coveredconditionals="0" methods="0" coveredmethods="0"/>
      <file name="index.js" path="C:\Users\user\kelas_work\RESTFULL_MAIN\routes\index.js">
        <metrics statements="15" coveredstatements="15" conditionals="0" coveredconditionals="0" methods="0" coveredmethods="0"/>
        <line num="1" count="1" type="stmt"/>
        <line num="2" count="1" type="stmt"/>
        <line num="3" count="1" type="stmt"/>
        <line num="4" count="1" type="stmt"/>
        <line num="5" count="1" type="stmt"/>
        <line num="6" count="1" type="stmt"/>
        <line num="8" count="1" type="stmt"/>
        <line num="9" count="1" type="stmt"/>
        <line num="11" count="1" type="stmt"/>
        <line num="12" count="1" type="stmt"/>
        <line num="13" count="1" type="stmt"/>
        <line num="14" count="1" type="stmt"/>
        <line num="15" count="1" type="stmt"/>
        <line num="16" count="1" type="stmt"/>
        <line num="18" count="1" type="stmt"/>
      </file>
    </package>
  </project>
</coverage>
