TN:
SF:index.js
FN:14,(anonymous_0)
FNF:1
FNH:1
FNDA:1,(anonymous_0)
DA:1,1
DA:2,1
DA:3,1
DA:4,1
DA:6,1
DA:7,1
DA:9,1
DA:10,1
DA:11,1
DA:12,1
DA:14,1
DA:15,1
DA:28,1
LF:13
LH:13
BRF:0
BRH:0
end_of_record
TN:
SF:controllers\product.js
FN:5,(anonymous_0)
FN:16,(anonymous_1)
FN:22,(anonymous_2)
FN:24,(anonymous_3)
FN:30,(anonymous_4)
FN:32,(anonymous_5)
FN:38,(anonymous_6)
FN:45,(anonymous_7)
FN:51,(anonymous_8)
FN:57,(anonymous_9)
FNF:10
FNH:10
FNDA:1,(anonymous_0)
FNDA:1,(anonymous_1)
FNDA:1,(anonymous_2)
FNDA:1,(anonymous_3)
FNDA:1,(anonymous_4)
FNDA:1,(anonymous_5)
FNDA:1,(anonymous_6)
FNDA:1,(anonymous_7)
FNDA:1,(anonymous_8)
FNDA:1,(anonymous_9)
DA:1,2
DA:6,1
DA:7,1
DA:8,1
DA:17,1
DA:23,1
DA:25,1
DA:31,1
DA:33,1
DA:39,1
DA:46,1
DA:52,1
DA:58,1
DA:64,2
LF:14
LH:14
BRF:0
BRH:0
end_of_record
TN:
SF:controllers\user.js
FN:8,(anonymous_0)
FN:14,(anonymous_1)
FN:20,(anonymous_2)
FN:27,(anonymous_3)
FNF:4
FNH:4
FNDA:3,(anonymous_0)
FNDA:2,(anonymous_1)
FNDA:3,(anonymous_2)
FNDA:3,(anonymous_3)
DA:1,2
DA:2,2
DA:4,2
DA:9,3
DA:10,3
DA:15,2
DA:21,3
DA:22,3
DA:28,3
DA:29,2
DA:33,2
DA:34,2
DA:36,0
DA:43,2
LF:14
LH:13
BRDA:28,0,0,2
BRDA:28,0,1,0
BRF:2
BRH:1
end_of_record
TN:
SF:helpers\bcrypt.js
FN:5,(anonymous_0)
FN:9,(anonymous_1)
FNF:2
FNH:2
FNDA:5,(anonymous_0)
FNDA:5,(anonymous_1)
DA:1,5
DA:2,5
DA:5,5
DA:6,5
DA:9,5
DA:10,5
DA:13,5
LF:7
LH:7
BRF:0
BRH:0
end_of_record
TN:
SF:helpers\jwt.js
FN:4,(anonymous_0)
FN:8,(anonymous_1)
FNF:2
FNH:2
FNDA:4,(anonymous_0)
FNDA:2,(anonymous_1)
DA:1,4
DA:2,4
DA:4,4
DA:5,4
DA:8,4
DA:9,2
DA:12,4
LF:7
LH:7
BRF:0
BRH:0
end_of_record
TN:
SF:middlewares\authentication.js
FN:3,(anonymous_0)
FNF:1
FNH:0
FNDA:0,(anonymous_0)
DA:1,2
DA:3,2
DA:4,0
DA:5,0
DA:6,0
DA:7,0
DA:8,0
DA:10,0
DA:14,2
LF:9
LH:3
BRF:0
BRH:0
end_of_record
TN:
SF:middlewares\authorization.js
FN:3,(anonymous_0)
FN:9,(anonymous_1)
FNF:2
FNH:2
FNDA:1,(anonymous_0)
FNDA:1,(anonymous_1)
DA:1,2
DA:3,2
DA:4,1
DA:5,1
DA:6,1
DA:8,1
DA:10,1
DA:11,0
DA:13,1
DA:17,0
DA:21,2
LF:11
LH:9
BRDA:10,0,0,0
BRDA:10,0,1,1
BRF:2
BRH:1
end_of_record
TN:
SF:middlewares\errorHandler.js
FN:1,(anonymous_0)
FNF:1
FNH:1
FNDA:1,(anonymous_0)
DA:1,2
DA:2,1
DA:3,1
DA:6,2
LF:4
LH:4
BRF:0
BRH:0
end_of_record
TN:
SF:models\index.js
FN:21,(anonymous_0)
FN:29,(anonymous_1)
FN:34,(anonymous_2)
FNF:3
FNH:3
FNDA:12,(anonymous_0)
FNDA:8,(anonymous_1)
FNDA:8,(anonymous_2)
DA:3,4
DA:4,4
DA:5,4
DA:6,4
DA:7,4
DA:8,4
DA:9,4
DA:10,4
DA:13,4
DA:14,0
DA:16,4
DA:19,4
DA:22,12
DA:30,8
DA:31,8
DA:34,4
DA:35,8
DA:36,8
DA:40,4
DA:41,4
DA:43,4
LF:21
LH:20
BRDA:8,0,0,4
BRDA:8,0,1,0
BRDA:13,1,0,0
BRDA:13,1,1,4
BRDA:23,2,0,12
BRDA:23,2,1,12
BRDA:23,2,2,8
BRDA:23,2,3,8
BRDA:35,3,0,8
BRDA:35,3,1,0
BRF:10
BRH:7
end_of_record
TN:
SF:models\product.js
FN:5,(anonymous_0)
FN:12,(anonymous_1)
FNF:2
FNH:2
FNDA:4,(anonymous_0)
FNDA:4,(anonymous_1)
DA:4,4
DA:5,4
DA:14,4
DA:17,4
DA:28,4
LF:5
LH:5
BRF:0
BRH:0
end_of_record
TN:
SF:models\user.js
FN:6,(anonymous_0)
FN:13,(anonymous_1)
FN:25,(anonymous_2)
FNF:3
FNH:3
FNDA:4,(anonymous_0)
FNDA:4,(anonymous_1)
FNDA:2,(anonymous_2)
DA:4,4
DA:5,4
DA:6,4
DA:15,4
DA:18,4
DA:26,2
DA:30,4
LF:7
LH:7
BRF:0
BRH:0
end_of_record
TN:
SF:routes\index.js
FNF:0
FNH:0
DA:1,1
DA:2,1
DA:3,1
DA:4,1
DA:5,1
DA:6,1
DA:8,1
DA:9,1
DA:11,1
DA:12,1
DA:13,1
DA:14,1
DA:15,1
DA:16,1
DA:18,1
LF:15
LH:15
BRF:0
BRH:0
end_of_record
